0 info it worked if it ends with ok
1 verbose cli [ '/usr/local/bin/node',
1 verbose cli   '/usr/local/bin/npm',
1 verbose cli   'install',
1 verbose cli   'guscaplan/tagmanager' ]
2 info using npm@3.10.3
3 info using node@v6.3.1
4 silly loadCurrentTree Starting
5 silly install loadCurrentTree
6 silly install readLocalPackageData
7 silly fetchPackageMetaData guscaplan/tagmanager
8 silly fetchOtherPackageData guscaplan/tagmanager
9 silly cache add args [ 'guscaplan/tagmanager', null ]
10 verbose cache add spec guscaplan/tagmanager
11 silly cache add parsed spec Result {
11 silly cache add   raw: 'guscaplan/tagmanager',
11 silly cache add   scope: null,
11 silly cache add   escapedName: null,
11 silly cache add   name: null,
11 silly cache add   rawSpec: 'guscaplan/tagmanager',
11 silly cache add   spec: 'github:guscaplan/tagmanager',
11 silly cache add   type: 'hosted',
11 silly cache add   hosted:
11 silly cache add    { type: 'github',
11 silly cache add      ssh: 'git@github.com:guscaplan/tagmanager.git',
11 silly cache add      sshUrl: 'git+ssh://git@github.com/guscaplan/tagmanager.git',
11 silly cache add      httpsUrl: 'git+https://github.com/guscaplan/tagmanager.git',
11 silly cache add      gitUrl: 'git://github.com/guscaplan/tagmanager.git',
11 silly cache add      shortcut: 'github:guscaplan/tagmanager',
11 silly cache add      directUrl: 'https://raw.githubusercontent.com/guscaplan/tagmanager/master/package.json' } }
12 verbose addRemoteGit caching guscaplan/tagmanager
13 verbose addRemoteGit guscaplan/tagmanager is a repository hosted by github
14 silly tryGitProto attempting to clone git://github.com/guscaplan/tagmanager.git
15 silly tryClone cloning guscaplan/tagmanager via git://github.com/guscaplan/tagmanager.git
16 verbose tryClone git-github-com-guscaplan-tagmanager-git-59053ac4 not in flight; caching
17 verbose correctMkdir /Users/Gus/.npm/_git-remotes correctMkdir not in flight; initializing
18 info git [ 'clone',
18 info git   '--template=/Users/Gus/.npm/_git-remotes/_templates',
18 info git   '--mirror',
18 info git   'git://github.com/guscaplan/tagmanager.git',
18 info git   '/Users/Gus/.npm/_git-remotes/git-github-com-guscaplan-tagmanager-git-59053ac4' ]
19 verbose git clone --template=/Users/Gus/.npm/_git-remotes/_templates --mirror git://github.com/guscaplan/tagmanager.git /Users/Gus/.npm/_git-remotes/git-github-com-guscaplan-tagmanager-git-59053ac4: Cloning into bare repository '/Users/Gus/.npm/_git-remotes/git-github-com-guscaplan-tagmanager-git-59053ac4'...
19 verbose git clone --template=/Users/Gus/.npm/_git-remotes/_templates --mirror git://github.com/guscaplan/tagmanager.git /Users/Gus/.npm/_git-remotes/git-github-com-guscaplan-tagmanager-git-59053ac4: fatal: remote error:
19 verbose git clone --template=/Users/Gus/.npm/_git-remotes/_templates --mirror git://github.com/guscaplan/tagmanager.git /Users/Gus/.npm/_git-remotes/git-github-com-guscaplan-tagmanager-git-59053ac4:   Repository not found.
20 silly tryHTTPS attempting to clone git+https://github.com/guscaplan/tagmanager.git
21 silly tryClone cloning guscaplan/tagmanager via git+https://github.com/guscaplan/tagmanager.git
22 verbose tryClone git-https-github-com-guscaplan-tagmanager-git-0e07587d not in flight; caching
23 verbose correctMkdir /Users/Gus/.npm/_git-remotes correctMkdir not in flight; initializing
24 info git [ 'clone',
24 info git   '--template=/Users/Gus/.npm/_git-remotes/_templates',
24 info git   '--mirror',
24 info git   'https://github.com/guscaplan/tagmanager.git',
24 info git   '/Users/Gus/.npm/_git-remotes/git-https-github-com-guscaplan-tagmanager-git-0e07587d' ]
25 verbose mirrorRemote guscaplan/tagmanager git clone https://github.com/guscaplan/tagmanager.git
26 verbose correctMkdir /Users/Gus/.npm/_git-remotes correctMkdir not in flight; initializing
27 verbose setPermissions guscaplan/tagmanager set permissions on /Users/Gus/.npm/_git-remotes/git-https-github-com-guscaplan-tagmanager-git-0e07587d
28 verbose resolveHead guscaplan/tagmanager original treeish: master
29 info git [ 'rev-list', '-n1', 'master' ]
30 silly resolveHead guscaplan/tagmanager resolved treeish: fadef723dfb1f896431d637b7266c19c19cef051
31 verbose resolveHead guscaplan/tagmanager resolved Git URL: git+https://github.com/guscaplan/tagmanager.git#fadef723dfb1f896431d637b7266c19c19cef051
32 silly resolveHead Git working directory: /var/folders/ty/5krmp5c14l58lhjmcktzsrlw0000gn/T/npm-30614-54088038/git-cache-3390d430/fadef723dfb1f896431d637b7266c19c19cef051
33 info git [ 'clone',
33 info git   '/Users/Gus/.npm/_git-remotes/git-https-github-com-guscaplan-tagmanager-git-0e07587d',
33 info git   '/var/folders/ty/5krmp5c14l58lhjmcktzsrlw0000gn/T/npm-30614-54088038/git-cache-3390d430/fadef723dfb1f896431d637b7266c19c19cef051' ]
34 verbose cloneResolved guscaplan/tagmanager clone Cloning into '/var/folders/ty/5krmp5c14l58lhjmcktzsrlw0000gn/T/npm-30614-54088038/git-cache-3390d430/fadef723dfb1f896431d637b7266c19c19cef051'...
34 verbose cloneResolved done.
35 info git [ 'checkout', 'fadef723dfb1f896431d637b7266c19c19cef051' ]
36 verbose checkoutTreeish guscaplan/tagmanager checkout Note: checking out 'fadef723dfb1f896431d637b7266c19c19cef051'.
36 verbose checkoutTreeish
36 verbose checkoutTreeish You are in 'detached HEAD' state. You can look around, make experimental
36 verbose checkoutTreeish changes and commit them, and you can discard any commits you make in this
36 verbose checkoutTreeish state without impacting any branches by performing another checkout.
36 verbose checkoutTreeish
36 verbose checkoutTreeish If you want to create a new branch to retain commits you create, you may
36 verbose checkoutTreeish do so (now or later) by using -b with the checkout command again. Example:
36 verbose checkoutTreeish
36 verbose checkoutTreeish   git checkout -b <new-branch-name>
36 verbose checkoutTreeish
36 verbose checkoutTreeish HEAD is now at fadef72... i dunno
37 info git [ 'submodule', '-q', 'update', '--init', '--recursive' ]
38 verbose updateSubmodules guscaplan/tagmanager submodule update
39 verbose addLocalDirectory /Users/Gus/.npm/tagmanager/1.0.0/package.tgz not in flight; packing
40 verbose correctMkdir /Users/Gus/.npm correctMkdir not in flight; initializing
41 verbose tar pack [ '/Users/Gus/.npm/tagmanager/1.0.0/package.tgz',
41 verbose tar pack   '/var/folders/ty/5krmp5c14l58lhjmcktzsrlw0000gn/T/npm-30614-54088038/git-cache-3390d430/fadef723dfb1f896431d637b7266c19c19cef051' ]
42 verbose tarball /Users/Gus/.npm/tagmanager/1.0.0/package.tgz
43 verbose folder /var/folders/ty/5krmp5c14l58lhjmcktzsrlw0000gn/T/npm-30614-54088038/git-cache-3390d430/fadef723dfb1f896431d637b7266c19c19cef051
44 verbose addLocalTarball adding from inside cache /Users/Gus/.npm/tagmanager/1.0.0/package.tgz
45 verbose correctMkdir /Users/Gus/.npm correctMkdir not in flight; initializing
46 verbose addRemoteGit data._from: guscaplan/tagmanager
47 verbose addRemoteGit data._resolved: git+https://github.com/guscaplan/tagmanager.git#fadef723dfb1f896431d637b7266c19c19cef051
48 silly cache afterAdd tagmanager@1.0.0
49 verbose afterAdd /Users/Gus/.npm/tagmanager/1.0.0/package/package.json not in flight; writing
50 verbose correctMkdir /Users/Gus/.npm correctMkdir not in flight; initializing
51 verbose afterAdd /Users/Gus/.npm/tagmanager/1.0.0/package/package.json written
52 silly install normalizeTree
53 silly loadCurrentTree Finishing
54 silly loadIdealTree Starting
55 silly install loadIdealTree
56 silly cloneCurrentTree Starting
57 silly install cloneCurrentTreeToIdealTree
58 silly cloneCurrentTree Finishing
59 silly loadShrinkwrap Starting
60 silly install loadShrinkwrap
61 silly loadShrinkwrap Finishing
62 silly loadAllDepsIntoIdealTree Starting
63 silly install loadAllDepsIntoIdealTree
64 silly rollbackFailedOptional Starting
65 silly rollbackFailedOptional Finishing
66 silly runTopLevelLifecycles Starting
67 silly runTopLevelLifecycles Finishing
68 silly install printInstalled
69 verbose stack Error: Refusing to install tagmanager as a dependency of itself
69 verbose stack     at checkSelf (/usr/local/lib/node_modules/npm/lib/install/validate-args.js:53:14)
69 verbose stack     at Array.<anonymous> (/usr/local/lib/node_modules/npm/node_modules/slide/lib/bind-actor.js:15:8)
69 verbose stack     at LOOP (/usr/local/lib/node_modules/npm/node_modules/slide/lib/chain.js:15:14)
69 verbose stack     at chain (/usr/local/lib/node_modules/npm/node_modules/slide/lib/chain.js:20:5)
69 verbose stack     at /usr/local/lib/node_modules/npm/lib/install/validate-args.js:16:5
69 verbose stack     at /usr/local/lib/node_modules/npm/node_modules/slide/lib/async-map.js:52:35
69 verbose stack     at Array.forEach (native)
69 verbose stack     at /usr/local/lib/node_modules/npm/node_modules/slide/lib/async-map.js:52:11
69 verbose stack     at Array.forEach (native)
69 verbose stack     at asyncMap (/usr/local/lib/node_modules/npm/node_modules/slide/lib/async-map.js:51:8)
70 verbose cwd /Users/Gus/Desktop/projects/TagManager
71 error Darwin 16.0.0
72 error argv "/usr/local/bin/node" "/usr/local/bin/npm" "install" "guscaplan/tagmanager"
73 error node v6.3.1
74 error npm  v3.10.3
75 error code ENOSELF
76 error Refusing to install tagmanager as a dependency of itself
77 error If you need help, you may report this error at:
77 error     <https://github.com/npm/npm/issues>
78 verbose exit [ 1, true ]
